logger 2022-09-28 14:56:00,560 INFO Тестирование пользовательского регистратора для модуля logger...
logger 2022-09-28 14:56:00,560 WARNING ПРЕДУПРЕЖДЕНИЕ logger...
logger 2022-09-28 14:56:00,560 ERROR ОШИБКА
logger 2022-09-28 14:56:00,560 CRITICAL Сообщение КРИТИЧЕСКОЙ серьезности

28-Sep-22 14:56:26 : 25 + 25 =  50
======
28-Sep-22 14:56:26
результат вычисления = 50
======
28-Sep-22 14:56:27 : 25 - 25 =  0
======
28-Sep-22 14:56:27
результат вычисления = 0
======
28-Sep-22 14:56:28 : 25 * 25 =  625
======
28-Sep-22 14:56:28
результат вычисления = 625
======
28-Sep-22 14:56:48 : sqrt 25 =  5.0
======
28-Sep-22 14:56:48
результат вычисления = 5.0
======
28-Sep-22 14:56:49 : 25 ^ 25 =  8.881784197001252323389053345E+34
======
28-Sep-22 14:56:49
результат вычисления = 8.881784197001252323389053345E+34
======
28-Sep-22 14:56:53 : 25 + 0 =  25
======
28-Sep-22 14:56:53
результат вычисления = 25
======
28-Sep-22 14:56:54 : 25 - 0 =  25
======
28-Sep-22 14:56:54
результат вычисления = 25
======
28-Sep-22 14:56:54 : 25 * 0 =  0
======
28-Sep-22 14:56:54
результат вычисления = 0
======
28-Sep-22 14:56:54 : 25 / 0 =  Деление на ноль
======
28-Sep-22 14:56:54
результат вычисления = Деление на ноль
======
28-Sep-22 14:56:55 : sqrt 25 =  5.0
======
28-Sep-22 14:56:55
результат вычисления = 5.0
======
28-Sep-22 14:56:55 : 25 ^ 0 =  1
======
28-Sep-22 14:56:55
результат вычисления = 1
======
28-Sep-22 14:57:04 : (25+25j) + (45+45j) =  (70+70j)
======
28-Sep-22 14:57:04
результат вычисления = (70+70j)
======
28-Sep-22 14:57:05 : (25+25j) - (45+45j) =  (-20-20j)
======
28-Sep-22 14:57:05
результат вычисления = (-20-20j)
======
28-Sep-22 14:57:05 : (25+25j) * (45+45j) =  2250j
======
28-Sep-22 14:57:05
результат вычисления = 2250j
======
28-Sep-22 14:57:06 : (25+25j) / (45+45j) =  (0.5555555555555556+0j)
======
28-Sep-22 14:57:06
результат вычисления = (0.5555555555555556+0j)
======
28-Sep-22 14:57:06 : sqrt (25+25j) =  (5.49342056733905+2.2754493028111367j)
======
28-Sep-22 14:57:06
результат вычисления = (5.49342056733905+2.2754493028111367j)
======
28-Sep-22 14:57:07 : (25+25j) ^ (45+45j) =  (1.1414483234036027e+54+1.8149880654367926e+54j)
======
28-Sep-22 14:57:07
результат вычисления = (1.1414483234036027e+54+1.8149880654367926e+54j)
======
28-Sep-22 14:57:13 : (25+25j) + 0j =  (25+25j)
======
28-Sep-22 14:57:13
результат вычисления = (25+25j)
======
28-Sep-22 14:57:13 : (25+25j) - 0j =  (25+25j)
======
28-Sep-22 14:57:13
результат вычисления = (25+25j)
======
28-Sep-22 14:57:13 : (25+25j) * 0j =  0j
======
28-Sep-22 14:57:13
результат вычисления = 0j
======
28-Sep-22 14:57:14 : (25+25j) / 0j =  Деление на ноль
======
28-Sep-22 14:57:14
результат вычисления = Деление на ноль
======
28-Sep-22 14:57:15 : (25+25j) ^ 0j =  (1+0j)
======
28-Sep-22 14:57:15
результат вычисления = (1+0j)
======
